Removed Pin From Net: NetName=NetC2_1 Pin=R1-1
Removed Pin From Net: NetName=VCC Pin=R1-2
Removed Pin From Net: NetName=NetQ1_3 Pin=R2-1
Removed Pin From Net: NetName=VCC Pin=R2-2
Change Component Footprint: Designator=R1 Old Footprint=tro smd 0603 New Footprint=RES-2W
Change Component Footprint: Designator=R2 Old Footprint=tro smd 0603 New Footprint=RES-2W
Change Component Comment : Designator=R1 Old Comment=33k New Comment=300K
Change Component Comment : Designator=R2 Old Comment=100R New Comment=100
Change component parameters: Designator = "R1" ("R1"); Footprint = "tro smd 0603"; UniqueID = "\ICTJGKEY" ("\ICTJGKEY")
Change component parameters (AddParameter): Name = "Class"; Value = "Passive"; VariantName = "[No Variations]"
Change component parameters (AddParameter): Name = "Manufacturer"; Value = "Generic Components"; VariantName = "[No Variations]"
Change component parameters (AddParameter): Name = "Published"; Value = "08/06/2000"; VariantName = "[No Variations]"
Change component parameters (AddParameter): Name = "Publisher"; Value = "Altium Hobart Technology Centre"; VariantName = "[No Variations]"
Change component parameters (AddParameter): Name = "SubClass"; Value = "R"; VariantName = "[No Variations]"
Change component parameters: Designator = "R2" ("R2"); Footprint = "tro smd 0603"; UniqueID = "\TBQGJFYP" ("\TBQGJFYP")
Change component parameters (AddParameter): Name = "Class"; Value = "Passive"; VariantName = "[No Variations]"
Change component parameters (AddParameter): Name = "Manufacturer"; Value = "Generic Components"; VariantName = "[No Variations]"
Change component parameters (AddParameter): Name = "Published"; Value = "08/06/2000"; VariantName = "[No Variations]"
Change component parameters (AddParameter): Name = "Publisher"; Value = "Altium Hobart Technology Centre"; VariantName = "[No Variations]"
Change component parameters (AddParameter): Name = "SubClass"; Value = "R"; VariantName = "[No Variations]"
Added Pin To Net: NetName=VCC Pin=R1-1
Added Pin To Net: NetName=NetC2_1 Pin=R1-2
Added Pin To Net: NetName=VCC Pin=R2-1
Added Pin To Net: NetName=NetQ1_3 Pin=R2-2
